c:\users\haoweilai\downloads\taygeta-7205\videopresenter\debug\taygeta.core.pch
c:\users\haoweilai\downloads\taygeta-7205\videopresenter\debug\vc140.pdb
c:\users\haoweilai\downloads\taygeta-7205\videopresenter\debug\stdafx.obj
c:\users\haoweilai\downloads\taygeta-7205\videopresenter\debug\renderable.obj
c:\users\haoweilai\downloads\taygeta-7205\videopresenter\debug\d3d9renderimpl.obj
c:\users\haoweilai\downloads\taygeta-7205\videopresenter\debug\assemblyinfo.obj
c:\users\haoweilai\downloads\taygeta-7205\videopresenter\debug\.netframework,version=v4.5.2.assemblyattributes.obj
c:\users\haoweilai\downloads\taygeta-7205\videopresenter\debug\.netframework,version=v4.5.2.assemblyattributes.asm
c:\users\haoweilai\downloads\taygeta-7205\videopresenter\debug\d3d9renderer.obj
c:\users\haoweilai\downloads\taygeta-7205\debug\taygeta.core.dll
c:\users\haoweilai\downloads\taygeta-7205\debug\taygeta.core.pdb
c:\users\haoweilai\downloads\taygeta-7205\videopresenter\debug\taygeta.core.tlog\metagen.write.1.tlog
c:\users\haoweilai\downloads\taygeta-7205\debug\microsoft.xna.framework.dll
c:\users\haoweilai\downloads\taygeta-7205\debug\taygeta.core.lib
c:\users\haoweilai\downloads\taygeta-7205\debug\taygeta.core.exp
c:\users\haoweilai\downloads\taygeta-7205\videopresenter\debug\videopresenter.vcxprojresolveassemblyreference.cache
c:\users\haoweilai\downloads\taygeta-7205\videopresenter\debug\taygeta.core.tlog\cl.command.1.tlog
c:\users\haoweilai\downloads\taygeta-7205\videopresenter\debug\taygeta.core.tlog\cl.read.1.tlog
c:\users\haoweilai\downloads\taygeta-7205\videopresenter\debug\taygeta.core.tlog\cl.write.1.tlog
c:\users\haoweilai\downloads\taygeta-7205\videopresenter\debug\taygeta.core.tlog\link.command.1.tlog
c:\users\haoweilai\downloads\taygeta-7205\videopresenter\debug\taygeta.core.tlog\link.read.1.tlog
c:\users\haoweilai\downloads\taygeta-7205\videopresenter\debug\taygeta.core.tlog\link.write.1.tlog
c:\users\haoweilai\downloads\taygeta-7205\videopresenter\debug\taygeta.core.tlog\metagen.read.1.tlog
c:\users\haoweilai\downloads\taygeta-7205\videopresenter\debug\taygeta.core.tlog\taygeta.core.write.1u.tlog
c:\users\haoweilai\downloads\taygeta-7205\videopresenter\debug\taygeta.core.tlog\microsoft.xna.framework.dll.metagen
c:\users\haoweilai\downloads\taygeta-7205\videopresenter\debug\taygeta.core.tlog\rsaenh.dll.bi
c:\users\haoweilai\downloads\taygeta-7205\videopresenter\debug\taygeta.core.tlog\tzres.dll.bi
